{"level":"info","message":"Server running on port 3000","service":"quote-scraper","timestamp":"2025-06-09T17:47:05.025Z"}
{"level":"info","message":"Processing quote request for RJ14Qc8065","service":"quote-scraper","timestamp":"2025-06-09T17:49:59.774Z"}
{"level":"info","message":"Starting scraping session. New car: No","service":"quote-scraper","timestamp":"2025-06-09T17:50:00.413Z"}
{"level":"info","message":"Browser console: Failed to load resource: net::ERR_NAME_NOT_RESOLVED","service":"quote-scraper","timestamp":"2025-06-09T17:50:01.303Z"}
{"level":"info","message":"Browser console: Executed clevertap.init function","service":"quote-scraper","timestamp":"2025-06-09T17:50:01.812Z"}
{"level":"info","message":"Navigated to target URL","service":"quote-scraper","timestamp":"2025-06-09T17:50:02.643Z"}
{"level":"info","message":"Initial page screenshot saved","service":"quote-scraper","timestamp":"2025-06-09T17:50:02.968Z"}
{"level":"info","message":"Starting existing car flow for registration: RJ14Qc8065","service":"quote-scraper","timestamp":"2025-06-09T17:50:02.969Z"}
{"level":"info","message":"Entered registration number: RJ14Qc8065","service":"quote-scraper","timestamp":"2025-06-09T17:50:03.125Z"}
{"level":"info","message":"Filled phone number: 9602089889","service":"quote-scraper","timestamp":"2025-06-09T17:50:03.225Z"}
{"level":"info","message":"Clicked view quotes button","service":"quote-scraper","timestamp":"2025-06-09T17:50:03.405Z"}
{"level":"info","message":"Waiting for confirmation screen...","service":"quote-scraper","timestamp":"2025-06-09T17:50:03.406Z"}
{"level":"info","message":"Confirmation screen loaded successfully","service":"quote-scraper","timestamp":"2025-06-09T17:50:04.242Z"}
{"level":"info","message":"Browser console: Failed to load resource: the server responded with a status of 403 ()","service":"quote-scraper","timestamp":"2025-06-09T17:50:04.592Z"}
{"level":"info","message":"Setting policy as Not Expired","service":"quote-scraper","timestamp":"2025-06-09T17:50:04.768Z"}
{"level":"info","message":"Successfully clicked Not Expired option","service":"quote-scraper","timestamp":"2025-06-09T17:50:04.803Z"}
{"level":"info","message":"Claim section found","service":"quote-scraper","timestamp":"2025-06-09T17:50:05.824Z"}
{"level":"info","message":"Setting claim status as No","service":"quote-scraper","timestamp":"2025-06-09T17:50:05.972Z"}
{"level":"info","message":"Successfully clicked No for claim","service":"quote-scraper","timestamp":"2025-06-09T17:50:06.009Z"}
{"level":"info","message":"Clicked continue button","service":"quote-scraper","timestamp":"2025-06-09T17:50:07.185Z"}
{"level":"info","message":"Waiting for quotes to load after flow completion...","service":"quote-scraper","timestamp":"2025-06-09T17:50:07.185Z"}
{"level":"info","message":"Browser console: CleverTapID 9f355247421a475ba0e7e9a531312b45, skipping init function","service":"quote-scraper","timestamp":"2025-06-09T17:50:08.875Z"}
{"level":"info","message":"Browser console: Service worker has been registered.","service":"quote-scraper","timestamp":"2025-06-09T17:50:09.180Z"}
{"level":"info","message":"Browser console: New content is downloading.","service":"quote-scraper","timestamp":"2025-06-09T17:50:09.181Z"}
{"level":"info","message":"Browser console: Did not get Basic plan for tata-aig!","service":"quote-scraper","timestamp":"2025-06-09T17:50:09.756Z"}
{"level":"info","message":"Browser console: Did not get Basic plan for liberty-videocon!","service":"quote-scraper","timestamp":"2025-06-09T17:50:09.756Z"}
{"level":"info","message":"Browser console: Did not get Basic plan for future-generali!","service":"quote-scraper","timestamp":"2025-06-09T17:50:09.757Z"}
{"level":"info","message":"Browser console: Did not get Basic plan for icici-lombard!","service":"quote-scraper","timestamp":"2025-06-09T17:50:09.758Z"}
{"level":"info","message":"Browser console: Insurer to PlanType to Plan Map :  JSHandle@object","service":"quote-scraper","timestamp":"2025-06-09T17:50:09.760Z"}
{"level":"info","message":"Browser console: Insurer to Packages Map :  JSHandle@map","service":"quote-scraper","timestamp":"2025-06-09T17:50:09.762Z"}
{"level":"info","message":"Quotes container found, extracting data...","service":"quote-scraper","timestamp":"2025-06-09T17:50:09.981Z"}
{"level":"info","message":"Browser console: Did not get Basic plan for tata-aig!","service":"quote-scraper","timestamp":"2025-06-09T17:50:10.034Z"}
{"level":"info","message":"Browser console: Did not get Basic plan for liberty-videocon!","service":"quote-scraper","timestamp":"2025-06-09T17:50:10.035Z"}
{"level":"info","message":"Browser console: Did not get Basic plan for future-generali!","service":"quote-scraper","timestamp":"2025-06-09T17:50:10.036Z"}
{"level":"info","message":"Browser console: Did not get Basic plan for icici-lombard!","service":"quote-scraper","timestamp":"2025-06-09T17:50:10.038Z"}
{"level":"info","message":"Browser console: Insurer to PlanType to Plan Map :  JSHandle@object","service":"quote-scraper","timestamp":"2025-06-09T17:50:10.040Z"}
{"level":"info","message":"Browser console: Insurer to Packages Map :  JSHandle@map","service":"quote-scraper","timestamp":"2025-06-09T17:50:10.042Z"}
{"level":"info","message":"Browser console: New content is available; please refresh.","service":"quote-scraper","timestamp":"2025-06-09T17:50:10.437Z"}
{"level":"info","message":"Browser console: Did not get Basic plan for tata-aig!","service":"quote-scraper","timestamp":"2025-06-09T17:50:12.854Z"}
{"level":"info","message":"Browser console: Did not get Basic plan for liberty-videocon!","service":"quote-scraper","timestamp":"2025-06-09T17:50:12.854Z"}
{"level":"info","message":"Browser console: Did not get Basic plan for future-generali!","service":"quote-scraper","timestamp":"2025-06-09T17:50:12.855Z"}
{"level":"info","message":"Browser console: Did not get Basic plan for icici-lombard!","service":"quote-scraper","timestamp":"2025-06-09T17:50:12.856Z"}
{"level":"info","message":"Browser console: Insurer to PlanType to Plan Map :  JSHandle@object","service":"quote-scraper","timestamp":"2025-06-09T17:50:12.856Z"}
{"level":"info","message":"Browser console: Insurer to Packages Map :  JSHandle@map","service":"quote-scraper","timestamp":"2025-06-09T17:50:12.857Z"}
{"level":"info","message":"Browser console: Did not get Basic plan for tata-aig!","service":"quote-scraper","timestamp":"2025-06-09T17:50:15.635Z"}
{"level":"info","message":"Browser console: Did not get Basic plan for liberty-videocon!","service":"quote-scraper","timestamp":"2025-06-09T17:50:15.637Z"}
{"level":"info","message":"Browser console: Did not get Basic plan for future-generali!","service":"quote-scraper","timestamp":"2025-06-09T17:50:15.638Z"}
{"level":"info","message":"Browser console: Did not get Basic plan for icici-lombard!","service":"quote-scraper","timestamp":"2025-06-09T17:50:15.638Z"}
{"level":"info","message":"Browser console: Insurer to PlanType to Plan Map :  JSHandle@object","service":"quote-scraper","timestamp":"2025-06-09T17:50:15.638Z"}
{"level":"info","message":"Browser console: Insurer to Packages Map :  JSHandle@map","service":"quote-scraper","timestamp":"2025-06-09T17:50:15.639Z"}
{"level":"info","message":"Browser console: Found 3 quote cards","service":"quote-scraper","timestamp":"2025-06-09T17:50:15.761Z"}
{"level":"info","message":"Basic data extraction complete. Found 3 quotes.","service":"quote-scraper","timestamp":"2025-06-09T17:50:15.762Z"}
{"level":"info","message":"Processing details for quote 1 (Unknown)","service":"quote-scraper","timestamp":"2025-06-09T17:50:15.762Z"}
{"level":"info","message":"Clicked plan details using selector: .pcc__card:nth-child(1) .pcc__card__plancash .pcp__left","service":"quote-scraper","timestamp":"2025-06-09T17:50:15.845Z"}
{"level":"info","message":"Details popup opened for quote 1","service":"quote-scraper","timestamp":"2025-06-09T17:50:15.907Z"}
{"level":"info","message":"Switching to Plan Details tab for quote 1","service":"quote-scraper","timestamp":"2025-06-09T17:50:16.101Z"}
{"level":"info","message":"Switched to Plan Details tab using selector: .tab label:not(.selected_tab)","service":"quote-scraper","timestamp":"2025-06-09T17:50:16.145Z"}
{"level":"info","message":"Browser console: Did not get Basic plan for tata-aig!","service":"quote-scraper","timestamp":"2025-06-09T17:50:18.346Z"}
{"level":"info","message":"Browser console: Did not get Basic plan for liberty-videocon!","service":"quote-scraper","timestamp":"2025-06-09T17:50:18.347Z"}
{"level":"info","message":"Browser console: Did not get Basic plan for future-generali!","service":"quote-scraper","timestamp":"2025-06-09T17:50:18.348Z"}
{"level":"info","message":"Browser console: Did not get Basic plan for icici-lombard!","service":"quote-scraper","timestamp":"2025-06-09T17:50:18.348Z"}
{"level":"info","message":"Browser console: Insurer to PlanType to Plan Map :  JSHandle@object","service":"quote-scraper","timestamp":"2025-06-09T17:50:18.349Z"}
{"level":"info","message":"Browser console: Insurer to Packages Map :  JSHandle@map","service":"quote-scraper","timestamp":"2025-06-09T17:50:18.349Z"}
{"level":"info","message":"Details captured for quote 1: {\n  \"leftPanel\": {\n    \"idvValue\": \"1,44,760\",\n    \"ncbPercentage\": \"50%\",\n    \"planType\": \"Basic\",\n    \"finalPrice\": \"2,325\"\n  },\n  \"premiumBreakup\": {\n    \"sections\": [\n      {\n        \"name\": \"Basic Covers\",\n        \"items\": [\n          {\n            \"key\": \"Basic OD Premium\",\n            \"value\": \"461.92\"\n          },\n          {\n            \"key\": \"Basic TP Premium\",\n            \"value\": \"2,094\"\n          }\n        ]\n      },\n      {\n        \"name\": \"Addon Covers\",\n        \"items\": []\n      },\n      {\n        \"name\": \"Discounts\",\n        \"items\": [\n          {\n            \"key\": \"No Claim Bonus\",\n            \"value\": \"-  230.96\"\n          }\n        ]\n      }\n    ],\n    \"total\": \"2,324.96\",\n    \"gst\": \"418.49\",\n    \"finalAmount\": null\n  },\n  \"planDetails\": {\n    \"covered\": [\n      {\n        \"title\": \"Own Car Damage\",\n        \"description\": \"Covers your car in case of road accidents.\"\n      },\n      {\n        \"title\": \"Theft\",\n        \"description\": \"Covers your car against theft/burgalary/robbery\"\n      },\n      {\n        \"title\": \"Natural Calamities\",\n        \"description\": \"Covers damages done to your car due to natural clamaties like earthquake, floods, thunderstorms, etc\"\n      },\n      {\n        \"title\": \"Man made hazards\",\n        \"description\": \"Covers damages done to your car due to terrorism, riots, strike or malicious act.\"\n      }\n    ],\n    \"notCovered\": [\n      \"General aging, wear and tear\",\n      \"Damage by a person driving without a valid license\",\n      \"Mechanical or electrical breakdown, failure\",\n      \"Damage while driving under the influence of liquor or drugs\",\n      \"Damage to tyres and tubes, unless damaged during an accident\",\n      \"Consequential Damage\"\n    ]\n  }\n}","service":"quote-scraper","timestamp":"2025-06-09T17:50:21.313Z"}
{"level":"info","message":"Closed details popup using selector: div.cf-modal__close","service":"quote-scraper","timestamp":"2025-06-09T17:50:21.348Z"}
{"level":"info","message":"Processing details for quote 2 (Unknown)","service":"quote-scraper","timestamp":"2025-06-09T17:50:24.356Z"}
{"level":"info","message":"Clicked plan details using selector: .pcc__card:nth-child(2) .pcc__card__plancash .pcp__left","service":"quote-scraper","timestamp":"2025-06-09T17:50:24.431Z"}
{"level":"info","message":"Details popup opened for quote 2","service":"quote-scraper","timestamp":"2025-06-09T17:50:24.463Z"}
{"level":"info","message":"Switching to Plan Details tab for quote 2","service":"quote-scraper","timestamp":"2025-06-09T17:50:24.638Z"}
{"level":"info","message":"Switched to Plan Details tab using selector: .tab label:not(.selected_tab)","service":"quote-scraper","timestamp":"2025-06-09T17:50:24.672Z"}
{"level":"info","message":"Details captured for quote 2: {\n  \"leftPanel\": {\n    \"idvValue\": \"1,80,985\",\n    \"ncbPercentage\": \"50%\",\n    \"planType\": null,\n    \"finalPrice\": \"2,527\"\n  },\n  \"premiumBreakup\": {\n    \"sections\": [\n      {\n        \"name\": \"Basic Covers\",\n        \"items\": [\n          {\n            \"key\": \"Basic OD Premium\",\n            \"value\": \"866\"\n          },\n          {\n            \"key\": \"Basic TP Premium\",\n            \"value\": \"2,094\"\n          }\n        ]\n      },\n      {\n        \"name\": \"Addon Covers\",\n        \"items\": []\n      },\n      {\n        \"name\": \"Discounts\",\n        \"items\": [\n          {\n            \"key\": \"No Claim Bonus\",\n            \"value\": \"-  433\"\n          }\n        ]\n      }\n    ],\n    \"total\": \"2,527\",\n    \"gst\": \"454.86\",\n    \"finalAmount\": null\n  },\n  \"planDetails\": {\n    \"covered\": [\n      {\n        \"title\": \"Own Car Damage\",\n        \"description\": \"Covers your car in case of road accidents.\"\n      },\n      {\n        \"title\": \"Theft\",\n        \"description\": \"Covers your car against theft/burgalary/robbery\"\n      },\n      {\n        \"title\": \"Natural Calamities\",\n        \"description\": \"Covers damages done to your car due to natural clamaties like earthquake, floods, thunderstorms, etc\"\n      },\n      {\n        \"title\": \"Man made hazards\",\n        \"description\": \"Covers damages done to your car due to terrorism, riots, strike or malicious act.\"\n      }\n    ],\n    \"notCovered\": [\n      \"General aging, wear and tear\",\n      \"Damage by a person driving without a valid license\",\n      \"Mechanical or electrical breakdown, failure\",\n      \"Damage while driving under the influence of liquor or drugs\",\n      \"Damage to tyres and tubes, unless damaged during an accident\",\n      \"Consequential Damage\"\n    ]\n  }\n}","service":"quote-scraper","timestamp":"2025-06-09T17:50:29.865Z"}
{"level":"info","message":"Closed details popup using selector: div.cf-modal__close","service":"quote-scraper","timestamp":"2025-06-09T17:50:29.892Z"}
{"level":"info","message":"Processing details for quote 3 (Unknown)","service":"quote-scraper","timestamp":"2025-06-09T17:50:32.893Z"}
{"level":"info","message":"Clicked plan details using selector: .pcc__card:nth-child(3) .pcc__card__plancash .pcp__left","service":"quote-scraper","timestamp":"2025-06-09T17:50:32.966Z"}
{"level":"info","message":"Details popup opened for quote 3","service":"quote-scraper","timestamp":"2025-06-09T17:50:32.973Z"}
{"level":"info","message":"Switching to Plan Details tab for quote 3","service":"quote-scraper","timestamp":"2025-06-09T17:50:33.106Z"}
{"level":"info","message":"Switched to Plan Details tab using selector: .tab label:not(.selected_tab)","service":"quote-scraper","timestamp":"2025-06-09T17:50:33.132Z"}
{"level":"info","message":"Details captured for quote 3: {\n  \"leftPanel\": {\n    \"idvValue\": \"1,50,000\",\n    \"ncbPercentage\": \"50%\",\n    \"planType\": null,\n    \"finalPrice\": \"3,766\"\n  },\n  \"premiumBreakup\": {\n    \"sections\": [\n      {\n        \"name\": \"Basic Covers\",\n        \"items\": [\n          {\n            \"key\": \"Basic OD Premium\",\n            \"value\": \"1,672.2\"\n          },\n          {\n            \"key\": \"Basic TP Premium\",\n            \"value\": \"2,094\"\n          }\n        ]\n      },\n      {\n        \"name\": \"Addon Covers\",\n        \"items\": []\n      },\n      {\n        \"name\": \"Discounts\",\n        \"items\": []\n      }\n    ],\n    \"total\": \"3,766.2\",\n    \"gst\": \"677.92\",\n    \"finalAmount\": null\n  },\n  \"planDetails\": {\n    \"covered\": [\n      {\n        \"title\": \"Own Car Damage\",\n        \"description\": \"Covers your car in case of road accidents.\"\n      },\n      {\n        \"title\": \"Theft\",\n        \"description\": \"Covers your car against theft/burgalary/robbery\"\n      },\n      {\n        \"title\": \"Natural Calamities\",\n        \"description\": \"Covers damages done to your car due to natural clamaties like earthquake, floods, thunderstorms, etc\"\n      },\n      {\n        \"title\": \"Man made hazards\",\n        \"description\": \"Covers damages done to your car due to terrorism, riots, strike or malicious act.\"\n      }\n    ],\n    \"notCovered\": [\n      \"General aging, wear and tear\",\n      \"Damage by a person driving without a valid license\",\n      \"Mechanical or electrical breakdown, failure\",\n      \"Damage while driving under the influence of liquor or drugs\",\n      \"Damage to tyres and tubes, unless damaged during an accident\",\n      \"Consequential Damage\"\n    ]\n  }\n}","service":"quote-scraper","timestamp":"2025-06-09T17:50:38.268Z"}
{"level":"info","message":"Closed details popup using selector: div.cf-modal__close","service":"quote-scraper","timestamp":"2025-06-09T17:50:38.293Z"}
{"level":"info","message":"Enhanced data extraction complete for all quotes.","service":"quote-scraper","timestamp":"2025-06-09T17:50:41.294Z"}
{"level":"info","message":"Server running on port 3000","service":"quote-scraper","timestamp":"2025-06-09T17:50:53.073Z"}
{"level":"info","message":"Server running on port 3000","service":"quote-scraper","timestamp":"2025-06-09T17:56:37.507Z"}
{"level":"info","message":"Server running on port 3000","service":"quote-scraper","timestamp":"2025-06-09T17:58:04.670Z"}
{"level":"info","message":"Processing quote request for RJ14QC8065","service":"quote-scraper","timestamp":"2025-06-09T17:59:50.070Z"}
{"level":"info","message":"Starting scraping session. New car: No","service":"quote-scraper","timestamp":"2025-06-09T17:59:50.511Z"}
{"level":"info","message":"Browser console: Failed to load resource: net::ERR_NAME_NOT_RESOLVED","service":"quote-scraper","timestamp":"2025-06-09T17:59:51.331Z"}
{"level":"info","message":"Browser console: Executed clevertap.init function","service":"quote-scraper","timestamp":"2025-06-09T17:59:51.883Z"}
{"level":"info","message":"Navigated to target URL","service":"quote-scraper","timestamp":"2025-06-09T17:59:52.307Z"}
{"level":"info","message":"Initial page screenshot saved","service":"quote-scraper","timestamp":"2025-06-09T17:59:52.770Z"}
{"level":"info","message":"Starting existing car flow for registration: RJ14QC8065","service":"quote-scraper","timestamp":"2025-06-09T17:59:52.770Z"}
{"level":"info","message":"Entered registration number: RJ14QC8065","service":"quote-scraper","timestamp":"2025-06-09T17:59:52.901Z"}
{"level":"info","message":"Filled phone number: 9602089889","service":"quote-scraper","timestamp":"2025-06-09T17:59:52.984Z"}
{"level":"info","message":"Clicked view quotes button","service":"quote-scraper","timestamp":"2025-06-09T17:59:53.191Z"}
{"level":"info","message":"Waiting for confirmation screen...","service":"quote-scraper","timestamp":"2025-06-09T17:59:53.192Z"}
{"level":"info","message":"Confirmation screen loaded successfully","service":"quote-scraper","timestamp":"2025-06-09T17:59:53.944Z"}
{"level":"info","message":"Setting policy as Not Expired","service":"quote-scraper","timestamp":"2025-06-09T17:59:54.302Z"}
{"level":"info","message":"Successfully clicked Not Expired option","service":"quote-scraper","timestamp":"2025-06-09T17:59:54.342Z"}
{"level":"info","message":"Claim section found","service":"quote-scraper","timestamp":"2025-06-09T17:59:55.354Z"}
{"level":"info","message":"Setting claim status as No","service":"quote-scraper","timestamp":"2025-06-09T17:59:55.507Z"}
{"level":"info","message":"Successfully clicked No for claim","service":"quote-scraper","timestamp":"2025-06-09T17:59:55.557Z"}
{"level":"info","message":"Clicked continue button","service":"quote-scraper","timestamp":"2025-06-09T17:59:57.104Z"}
{"level":"info","message":"Waiting for quotes to load after flow completion...","service":"quote-scraper","timestamp":"2025-06-09T17:59:57.105Z"}
{"level":"info","message":"Browser console: Failed to load resource: the server responded with a status of 403 ()","service":"quote-scraper","timestamp":"2025-06-09T17:59:57.326Z"}
{"level":"info","message":"Browser console: CleverTapID 4a507bdebed744e78120812a46f4db26, skipping init function","service":"quote-scraper","timestamp":"2025-06-09T17:59:58.302Z"}
{"level":"info","message":"Browser console: Service worker has been registered.","service":"quote-scraper","timestamp":"2025-06-09T17:59:58.585Z"}
{"level":"info","message":"Browser console: New content is downloading.","service":"quote-scraper","timestamp":"2025-06-09T17:59:58.586Z"}
{"level":"info","message":"Browser console: Did not get Basic plan for tata-aig!","service":"quote-scraper","timestamp":"2025-06-09T17:59:58.776Z"}
{"level":"info","message":"Browser console: Did not get Basic plan for liberty-videocon!","service":"quote-scraper","timestamp":"2025-06-09T17:59:58.777Z"}
{"level":"info","message":"Browser console: Did not get Basic plan for future-generali!","service":"quote-scraper","timestamp":"2025-06-09T17:59:58.777Z"}
{"level":"info","message":"Browser console: Did not get Basic plan for icici-lombard!","service":"quote-scraper","timestamp":"2025-06-09T17:59:58.778Z"}
{"level":"info","message":"Browser console: Insurer to PlanType to Plan Map :  JSHandle@object","service":"quote-scraper","timestamp":"2025-06-09T17:59:58.779Z"}
{"level":"info","message":"Browser console: Insurer to Packages Map :  JSHandle@map","service":"quote-scraper","timestamp":"2025-06-09T17:59:58.779Z"}
{"level":"info","message":"Quotes container found, extracting data...","service":"quote-scraper","timestamp":"2025-06-09T17:59:58.877Z"}
{"level":"info","message":"Browser console: Did not get Basic plan for tata-aig!","service":"quote-scraper","timestamp":"2025-06-09T17:59:58.990Z"}
{"level":"info","message":"Browser console: Did not get Basic plan for liberty-videocon!","service":"quote-scraper","timestamp":"2025-06-09T17:59:58.991Z"}
{"level":"info","message":"Browser console: Did not get Basic plan for future-generali!","service":"quote-scraper","timestamp":"2025-06-09T17:59:58.991Z"}
{"level":"info","message":"Browser console: Did not get Basic plan for icici-lombard!","service":"quote-scraper","timestamp":"2025-06-09T17:59:58.992Z"}
{"level":"info","message":"Browser console: Insurer to PlanType to Plan Map :  JSHandle@object","service":"quote-scraper","timestamp":"2025-06-09T17:59:58.992Z"}
{"level":"info","message":"Browser console: Insurer to Packages Map :  JSHandle@map","service":"quote-scraper","timestamp":"2025-06-09T17:59:58.992Z"}
{"level":"info","message":"Browser console: New content is available; please refresh.","service":"quote-scraper","timestamp":"2025-06-09T17:59:59.406Z"}
{"level":"info","message":"Browser console: Did not get Basic plan for tata-aig!","service":"quote-scraper","timestamp":"2025-06-09T18:00:01.841Z"}
{"level":"info","message":"Browser console: Did not get Basic plan for liberty-videocon!","service":"quote-scraper","timestamp":"2025-06-09T18:00:01.842Z"}
{"level":"info","message":"Browser console: Did not get Basic plan for future-generali!","service":"quote-scraper","timestamp":"2025-06-09T18:00:01.843Z"}
{"level":"info","message":"Browser console: Did not get Basic plan for icici-lombard!","service":"quote-scraper","timestamp":"2025-06-09T18:00:01.844Z"}
{"level":"info","message":"Browser console: Insurer to PlanType to Plan Map :  JSHandle@object","service":"quote-scraper","timestamp":"2025-06-09T18:00:01.844Z"}
{"level":"info","message":"Browser console: Insurer to Packages Map :  JSHandle@map","service":"quote-scraper","timestamp":"2025-06-09T18:00:01.845Z"}
{"level":"info","message":"Browser console: Found 3 quote cards","service":"quote-scraper","timestamp":"2025-06-09T18:00:04.347Z"}
{"level":"info","message":"Basic data extraction complete. Found 3 quotes.","service":"quote-scraper","timestamp":"2025-06-09T18:00:04.348Z"}
{"level":"info","message":"Processing details for quote 1 (Unknown)","service":"quote-scraper","timestamp":"2025-06-09T18:00:04.348Z"}
{"level":"info","message":"Clicked plan details using selector: .pcc__card:nth-child(1) .pcc__card__plancash .pcp__left","service":"quote-scraper","timestamp":"2025-06-09T18:00:04.422Z"}
{"level":"info","message":"Details popup opened for quote 1","service":"quote-scraper","timestamp":"2025-06-09T18:00:04.481Z"}
{"level":"info","message":"Browser console: Did not get Basic plan for tata-aig!","service":"quote-scraper","timestamp":"2025-06-09T18:00:04.682Z"}
{"level":"info","message":"Browser console: Did not get Basic plan for liberty-videocon!","service":"quote-scraper","timestamp":"2025-06-09T18:00:04.683Z"}
{"level":"info","message":"Browser console: Did not get Basic plan for future-generali!","service":"quote-scraper","timestamp":"2025-06-09T18:00:04.684Z"}
{"level":"info","message":"Browser console: Did not get Basic plan for icici-lombard!","service":"quote-scraper","timestamp":"2025-06-09T18:00:04.684Z"}
{"level":"info","message":"Browser console: Insurer to PlanType to Plan Map :  JSHandle@object","service":"quote-scraper","timestamp":"2025-06-09T18:00:04.684Z"}
{"level":"info","message":"Browser console: Insurer to Packages Map :  JSHandle@map","service":"quote-scraper","timestamp":"2025-06-09T18:00:04.685Z"}
{"level":"info","message":"Switching to Plan Details tab for quote 1","service":"quote-scraper","timestamp":"2025-06-09T18:00:04.686Z"}
{"level":"info","message":"Switched to Plan Details tab using selector: .tab label:not(.selected_tab)","service":"quote-scraper","timestamp":"2025-06-09T18:00:04.729Z"}
{"level":"info","message":"Browser console: Did not get Basic plan for tata-aig!","service":"quote-scraper","timestamp":"2025-06-09T18:00:07.381Z"}
{"level":"info","message":"Browser console: Did not get Basic plan for liberty-videocon!","service":"quote-scraper","timestamp":"2025-06-09T18:00:07.382Z"}
{"level":"info","message":"Browser console: Did not get Basic plan for future-generali!","service":"quote-scraper","timestamp":"2025-06-09T18:00:07.382Z"}
{"level":"info","message":"Browser console: Did not get Basic plan for icici-lombard!","service":"quote-scraper","timestamp":"2025-06-09T18:00:07.383Z"}
{"level":"info","message":"Browser console: Insurer to PlanType to Plan Map :  JSHandle@object","service":"quote-scraper","timestamp":"2025-06-09T18:00:07.383Z"}
{"level":"info","message":"Browser console: Insurer to Packages Map :  JSHandle@map","service":"quote-scraper","timestamp":"2025-06-09T18:00:07.384Z"}
{"level":"info","message":"Details captured for quote 1: {\n  \"leftPanel\": {\n    \"idvValue\": \"1,44,760\",\n    \"ncbPercentage\": \"50%\",\n    \"planType\": \"Basic\",\n    \"finalPrice\": \"2,325\"\n  },\n  \"premiumBreakup\": {\n    \"sections\": [\n      {\n        \"name\": \"Basic Covers\",\n        \"items\": [\n          {\n            \"key\": \"Basic OD Premium\",\n            \"value\": \"461.92\"\n          },\n          {\n            \"key\": \"Basic TP Premium\",\n            \"value\": \"2,094\"\n          }\n        ]\n      },\n      {\n        \"name\": \"Addon Covers\",\n        \"items\": []\n      },\n      {\n        \"name\": \"Discounts\",\n        \"items\": [\n          {\n            \"key\": \"No Claim Bonus\",\n            \"value\": \"-  230.96\"\n          }\n        ]\n      }\n    ],\n    \"total\": \"2,324.96\",\n    \"gst\": \"418.49\",\n    \"finalAmount\": null\n  },\n  \"planDetails\": {\n    \"covered\": [\n      {\n        \"title\": \"Own Car Damage\",\n        \"description\": \"Covers your car in case of road accidents.\"\n      },\n      {\n        \"title\": \"Theft\",\n        \"description\": \"Covers your car against theft/burgalary/robbery\"\n      },\n      {\n        \"title\": \"Natural Calamities\",\n        \"description\": \"Covers damages done to your car due to natural clamaties like earthquake, floods, thunderstorms, etc\"\n      },\n      {\n        \"title\": \"Man made hazards\",\n        \"description\": \"Covers damages done to your car due to terrorism, riots, strike or malicious act.\"\n      }\n    ],\n    \"notCovered\": [\n      \"General aging, wear and tear\",\n      \"Damage by a person driving without a valid license\",\n      \"Mechanical or electrical breakdown, failure\",\n      \"Damage while driving under the influence of liquor or drugs\",\n      \"Damage to tyres and tubes, unless damaged during an accident\",\n      \"Consequential Damage\"\n    ]\n  }\n}","service":"quote-scraper","timestamp":"2025-06-09T18:00:09.968Z"}
{"level":"info","message":"Closed details popup using selector: div.cf-modal__close","service":"quote-scraper","timestamp":"2025-06-09T18:00:10.000Z"}
{"level":"info","message":"Processing details for quote 2 (Unknown)","service":"quote-scraper","timestamp":"2025-06-09T18:00:13.010Z"}
{"level":"info","message":"Clicked plan details using selector: .pcc__card:nth-child(2) .pcc__card__plancash .pcp__left","service":"quote-scraper","timestamp":"2025-06-09T18:00:13.112Z"}
{"level":"info","message":"Details popup opened for quote 2","service":"quote-scraper","timestamp":"2025-06-09T18:00:13.119Z"}
{"level":"info","message":"Switching to Plan Details tab for quote 2","service":"quote-scraper","timestamp":"2025-06-09T18:00:13.332Z"}
{"level":"info","message":"Switched to Plan Details tab using selector: .tab label:not(.selected_tab)","service":"quote-scraper","timestamp":"2025-06-09T18:00:13.365Z"}
{"level":"info","message":"Details captured for quote 2: {\n  \"leftPanel\": {\n    \"idvValue\": \"1,80,985\",\n    \"ncbPercentage\": \"50%\",\n    \"planType\": null,\n    \"finalPrice\": \"2,527\"\n  },\n  \"premiumBreakup\": {\n    \"sections\": [\n      {\n        \"name\": \"Basic Covers\",\n        \"items\": [\n          {\n            \"key\": \"Basic OD Premium\",\n            \"value\": \"866\"\n          },\n          {\n            \"key\": \"Basic TP Premium\",\n            \"value\": \"2,094\"\n          }\n        ]\n      },\n      {\n        \"name\": \"Addon Covers\",\n        \"items\": []\n      },\n      {\n        \"name\": \"Discounts\",\n        \"items\": [\n          {\n            \"key\": \"No Claim Bonus\",\n            \"value\": \"-  433\"\n          }\n        ]\n      }\n    ],\n    \"total\": \"2,527\",\n    \"gst\": \"454.86\",\n    \"finalAmount\": null\n  },\n  \"planDetails\": {\n    \"covered\": [\n      {\n        \"title\": \"Own Car Damage\",\n        \"description\": \"Covers your car in case of road accidents.\"\n      },\n      {\n        \"title\": \"Theft\",\n        \"description\": \"Covers your car against theft/burgalary/robbery\"\n      },\n      {\n        \"title\": \"Natural Calamities\",\n        \"description\": \"Covers damages done to your car due to natural clamaties like earthquake, floods, thunderstorms, etc\"\n      },\n      {\n        \"title\": \"Man made hazards\",\n        \"description\": \"Covers damages done to your car due to terrorism, riots, strike or malicious act.\"\n      }\n    ],\n    \"notCovered\": [\n      \"General aging, wear and tear\",\n      \"Damage by a person driving without a valid license\",\n      \"Mechanical or electrical breakdown, failure\",\n      \"Damage while driving under the influence of liquor or drugs\",\n      \"Damage to tyres and tubes, unless damaged during an accident\",\n      \"Consequential Damage\"\n    ]\n  }\n}","service":"quote-scraper","timestamp":"2025-06-09T18:00:18.555Z"}
{"level":"info","message":"Closed details popup using selector: div.cf-modal__close","service":"quote-scraper","timestamp":"2025-06-09T18:00:18.582Z"}
{"level":"info","message":"Processing details for quote 3 (Unknown)","service":"quote-scraper","timestamp":"2025-06-09T18:00:21.586Z"}
{"level":"info","message":"Clicked plan details using selector: .pcc__card:nth-child(3) .pcc__card__plancash .pcp__left","service":"quote-scraper","timestamp":"2025-06-09T18:00:21.674Z"}
{"level":"info","message":"Details popup opened for quote 3","service":"quote-scraper","timestamp":"2025-06-09T18:00:21.681Z"}
{"level":"info","message":"Switching to Plan Details tab for quote 3","service":"quote-scraper","timestamp":"2025-06-09T18:00:21.868Z"}
{"level":"info","message":"Switched to Plan Details tab using selector: .tab label:not(.selected_tab)","service":"quote-scraper","timestamp":"2025-06-09T18:00:21.902Z"}
{"level":"info","message":"Details captured for quote 3: {\n  \"leftPanel\": {\n    \"idvValue\": \"1,50,000\",\n    \"ncbPercentage\": \"50%\",\n    \"planType\": null,\n    \"finalPrice\": \"3,766\"\n  },\n  \"premiumBreakup\": {\n    \"sections\": [\n      {\n        \"name\": \"Basic Covers\",\n        \"items\": [\n          {\n            \"key\": \"Basic OD Premium\",\n            \"value\": \"1,672.2\"\n          },\n          {\n            \"key\": \"Basic TP Premium\",\n            \"value\": \"2,094\"\n          }\n        ]\n      },\n      {\n        \"name\": \"Addon Covers\",\n        \"items\": []\n      },\n      {\n        \"name\": \"Discounts\",\n        \"items\": []\n      }\n    ],\n    \"total\": \"3,766.2\",\n    \"gst\": \"677.92\",\n    \"finalAmount\": null\n  },\n  \"planDetails\": {\n    \"covered\": [\n      {\n        \"title\": \"Own Car Damage\",\n        \"description\": \"Covers your car in case of road accidents.\"\n      },\n      {\n        \"title\": \"Theft\",\n        \"description\": \"Covers your car against theft/burgalary/robbery\"\n      },\n      {\n        \"title\": \"Natural Calamities\",\n        \"description\": \"Covers damages done to your car due to natural clamaties like earthquake, floods, thunderstorms, etc\"\n      },\n      {\n        \"title\": \"Man made hazards\",\n        \"description\": \"Covers damages done to your car due to terrorism, riots, strike or malicious act.\"\n      }\n    ],\n    \"notCovered\": [\n      \"General aging, wear and tear\",\n      \"Damage by a person driving without a valid license\",\n      \"Mechanical or electrical breakdown, failure\",\n      \"Damage while driving under the influence of liquor or drugs\",\n      \"Damage to tyres and tubes, unless damaged during an accident\",\n      \"Consequential Damage\"\n    ]\n  }\n}","service":"quote-scraper","timestamp":"2025-06-09T18:00:27.087Z"}
{"level":"info","message":"Closed details popup using selector: div.cf-modal__close","service":"quote-scraper","timestamp":"2025-06-09T18:00:27.116Z"}
{"level":"info","message":"Enhanced data extraction complete for all quotes.","service":"quote-scraper","timestamp":"2025-06-09T18:00:30.121Z"}
{"level":"info","message":"Server running on port 3000","service":"quote-scraper","timestamp":"2025-06-09T18:03:01.631Z"}
{"level":"info","message":"Server running on port 3000","service":"quote-scraper","timestamp":"2025-06-09T18:30:37.992Z"}
{"level":"info","message":"Processing quote request for 8448-8448-45","service":"quote-scraper","timestamp":"2025-06-09T18:32:45.789Z"}
{"level":"info","message":"Starting scraping session. New car: No","service":"quote-scraper","timestamp":"2025-06-09T18:32:46.311Z"}
{"level":"info","message":"Browser console: Failed to load resource: net::ERR_NAME_NOT_RESOLVED","service":"quote-scraper","timestamp":"2025-06-09T18:32:47.508Z"}
{"level":"info","message":"Browser console: Executed clevertap.init function","service":"quote-scraper","timestamp":"2025-06-09T18:32:47.704Z"}
{"level":"info","message":"Navigated to target URL","service":"quote-scraper","timestamp":"2025-06-09T18:32:48.089Z"}
{"level":"info","message":"Initial page screenshot saved","service":"quote-scraper","timestamp":"2025-06-09T18:32:48.587Z"}
{"level":"info","message":"Starting existing car flow for registration: 8448-8448-45","service":"quote-scraper","timestamp":"2025-06-09T18:32:48.587Z"}
{"level":"info","message":"Entered registration number: 8448-8448-45","service":"quote-scraper","timestamp":"2025-06-09T18:32:48.716Z"}
{"level":"info","message":"Filled phone number: 8770741567","service":"quote-scraper","timestamp":"2025-06-09T18:32:48.811Z"}
{"level":"info","message":"Clicked view quotes button","service":"quote-scraper","timestamp":"2025-06-09T18:32:48.998Z"}
{"level":"info","message":"Waiting for confirmation screen...","service":"quote-scraper","timestamp":"2025-06-09T18:32:48.999Z"}
{"level":"warn","message":"Confirmation screen not found: Waiting for selector `.fl-confirmation-wrapper` failed: Waiting failed: 20000ms exceeded","service":"quote-scraper","timestamp":"2025-06-09T18:33:09.003Z"}
{"level":"info","message":"Continuing with quotes page directly as confirmation screen may be skipped sometimes","service":"quote-scraper","timestamp":"2025-06-09T18:33:09.004Z"}
{"level":"info","message":"Waiting for quotes to load after flow completion...","service":"quote-scraper","timestamp":"2025-06-09T18:33:09.004Z"}
{"level":"error","message":"Error extracting quotes: Waiting for selector `.plan-card-container, .pcc__card, .result-cards, .quote-card` failed: Protocol error (Runtime.callFunctionOn): Target closed","service":"quote-scraper","timestamp":"2025-06-09T18:33:11.447Z"}
{"level":"info","message":"Processing quote request for RJ14QC8065","service":"quote-scraper","timestamp":"2025-06-09T18:33:29.087Z"}
{"level":"info","message":"Starting scraping session. New car: No","service":"quote-scraper","timestamp":"2025-06-09T18:33:29.545Z"}
{"level":"info","message":"Browser console: Failed to load resource: net::ERR_NAME_NOT_RESOLVED","service":"quote-scraper","timestamp":"2025-06-09T18:33:30.672Z"}
{"level":"info","message":"Browser console: Executed clevertap.init function","service":"quote-scraper","timestamp":"2025-06-09T18:33:30.864Z"}
{"level":"info","message":"Navigated to target URL","service":"quote-scraper","timestamp":"2025-06-09T18:33:31.354Z"}
{"level":"info","message":"Initial page screenshot saved","service":"quote-scraper","timestamp":"2025-06-09T18:33:31.613Z"}
{"level":"info","message":"Starting existing car flow for registration: RJ14QC8065","service":"quote-scraper","timestamp":"2025-06-09T18:33:31.613Z"}
{"level":"info","message":"Entered registration number: RJ14QC8065","service":"quote-scraper","timestamp":"2025-06-09T18:33:31.715Z"}
{"level":"info","message":"Filled phone number: 8770741567","service":"quote-scraper","timestamp":"2025-06-09T18:33:31.787Z"}
{"level":"info","message":"Clicked view quotes button","service":"quote-scraper","timestamp":"2025-06-09T18:33:31.981Z"}
{"level":"info","message":"Waiting for confirmation screen...","service":"quote-scraper","timestamp":"2025-06-09T18:33:31.981Z"}
{"level":"info","message":"Confirmation screen loaded successfully","service":"quote-scraper","timestamp":"2025-06-09T18:33:32.800Z"}
{"level":"info","message":"Browser console: Failed to load resource: the server responded with a status of 403 ()","service":"quote-scraper","timestamp":"2025-06-09T18:33:33.053Z"}
{"level":"info","message":"Setting policy as Not Expired","service":"quote-scraper","timestamp":"2025-06-09T18:33:33.123Z"}
{"level":"info","message":"Successfully clicked Not Expired option","service":"quote-scraper","timestamp":"2025-06-09T18:33:33.157Z"}
{"level":"info","message":"Claim section found","service":"quote-scraper","timestamp":"2025-06-09T18:33:34.177Z"}
{"level":"info","message":"Setting claim status as No","service":"quote-scraper","timestamp":"2025-06-09T18:33:34.293Z"}
{"level":"info","message":"Successfully clicked No for claim","service":"quote-scraper","timestamp":"2025-06-09T18:33:34.337Z"}
{"level":"info","message":"Clicked continue button","service":"quote-scraper","timestamp":"2025-06-09T18:33:35.506Z"}
{"level":"info","message":"Waiting for quotes to load after flow completion...","service":"quote-scraper","timestamp":"2025-06-09T18:33:35.507Z"}
{"level":"info","message":"Browser console: CleverTapID 6f40fcf9c32349f6b88dcbf2efb42537, skipping init function","service":"quote-scraper","timestamp":"2025-06-09T18:33:36.835Z"}
{"level":"info","message":"Browser console: Service worker has been registered.","service":"quote-scraper","timestamp":"2025-06-09T18:33:37.115Z"}
{"level":"info","message":"Browser console: New content is downloading.","service":"quote-scraper","timestamp":"2025-06-09T18:33:37.116Z"}
{"level":"info","message":"Browser console: Did not get Basic plan for tata-aig!","service":"quote-scraper","timestamp":"2025-06-09T18:33:37.310Z"}
{"level":"info","message":"Browser console: Did not get Basic plan for liberty-videocon!","service":"quote-scraper","timestamp":"2025-06-09T18:33:37.311Z"}
{"level":"info","message":"Browser console: Did not get Basic plan for future-generali!","service":"quote-scraper","timestamp":"2025-06-09T18:33:37.312Z"}
{"level":"info","message":"Browser console: Did not get Basic plan for icici-lombard!","service":"quote-scraper","timestamp":"2025-06-09T18:33:37.314Z"}
{"level":"info","message":"Browser console: Insurer to PlanType to Plan Map :  JSHandle@object","service":"quote-scraper","timestamp":"2025-06-09T18:33:37.315Z"}
{"level":"info","message":"Browser console: Insurer to Packages Map :  JSHandle@map","service":"quote-scraper","timestamp":"2025-06-09T18:33:37.315Z"}
{"level":"info","message":"Quotes container found, extracting data...","service":"quote-scraper","timestamp":"2025-06-09T18:33:37.409Z"}
{"level":"info","message":"Browser console: Did not get Basic plan for tata-aig!","service":"quote-scraper","timestamp":"2025-06-09T18:33:37.541Z"}
{"level":"info","message":"Browser console: Did not get Basic plan for liberty-videocon!","service":"quote-scraper","timestamp":"2025-06-09T18:33:37.542Z"}
{"level":"info","message":"Browser console: Did not get Basic plan for future-generali!","service":"quote-scraper","timestamp":"2025-06-09T18:33:37.543Z"}
{"level":"info","message":"Browser console: Did not get Basic plan for icici-lombard!","service":"quote-scraper","timestamp":"2025-06-09T18:33:37.543Z"}
{"level":"info","message":"Browser console: Insurer to PlanType to Plan Map :  JSHandle@object","service":"quote-scraper","timestamp":"2025-06-09T18:33:37.544Z"}
{"level":"info","message":"Browser console: Insurer to Packages Map :  JSHandle@map","service":"quote-scraper","timestamp":"2025-06-09T18:33:37.544Z"}
{"level":"info","message":"Browser console: New content is available; please refresh.","service":"quote-scraper","timestamp":"2025-06-09T18:33:37.972Z"}
{"level":"info","message":"Browser console: Did not get Basic plan for tata-aig!","service":"quote-scraper","timestamp":"2025-06-09T18:33:40.285Z"}
{"level":"info","message":"Browser console: Did not get Basic plan for liberty-videocon!","service":"quote-scraper","timestamp":"2025-06-09T18:33:40.286Z"}
{"level":"info","message":"Browser console: Did not get Basic plan for future-generali!","service":"quote-scraper","timestamp":"2025-06-09T18:33:40.287Z"}
{"level":"info","message":"Browser console: Did not get Basic plan for icici-lombard!","service":"quote-scraper","timestamp":"2025-06-09T18:33:40.288Z"}
{"level":"info","message":"Browser console: Insurer to PlanType to Plan Map :  JSHandle@object","service":"quote-scraper","timestamp":"2025-06-09T18:33:40.288Z"}
{"level":"info","message":"Browser console: Insurer to Packages Map :  JSHandle@map","service":"quote-scraper","timestamp":"2025-06-09T18:33:40.289Z"}
{"level":"info","message":"Browser console: Found 3 quote cards","service":"quote-scraper","timestamp":"2025-06-09T18:33:42.825Z"}
{"level":"info","message":"Basic data extraction complete. Found 3 quotes.","service":"quote-scraper","timestamp":"2025-06-09T18:33:42.825Z"}
{"level":"info","message":"Processing details for quote 1 (Unknown)","service":"quote-scraper","timestamp":"2025-06-09T18:33:42.825Z"}
{"level":"info","message":"Clicked plan details using selector: .pcc__card:nth-child(1) .pcc__card__plancash .pcp__left","service":"quote-scraper","timestamp":"2025-06-09T18:33:42.881Z"}
{"level":"info","message":"Details popup opened for quote 1","service":"quote-scraper","timestamp":"2025-06-09T18:33:42.929Z"}
{"level":"info","message":"Browser console: Did not get Basic plan for tata-aig!","service":"quote-scraper","timestamp":"2025-06-09T18:33:43.002Z"}
{"level":"info","message":"Browser console: Did not get Basic plan for liberty-videocon!","service":"quote-scraper","timestamp":"2025-06-09T18:33:43.003Z"}
{"level":"info","message":"Browser console: Did not get Basic plan for future-generali!","service":"quote-scraper","timestamp":"2025-06-09T18:33:43.004Z"}
{"level":"info","message":"Browser console: Did not get Basic plan for icici-lombard!","service":"quote-scraper","timestamp":"2025-06-09T18:33:43.004Z"}
{"level":"info","message":"Browser console: Insurer to PlanType to Plan Map :  JSHandle@object","service":"quote-scraper","timestamp":"2025-06-09T18:33:43.005Z"}
{"level":"info","message":"Browser console: Insurer to Packages Map :  JSHandle@map","service":"quote-scraper","timestamp":"2025-06-09T18:33:43.005Z"}
{"level":"info","message":"Switching to Plan Details tab for quote 1","service":"quote-scraper","timestamp":"2025-06-09T18:33:43.128Z"}
{"level":"info","message":"Switched to Plan Details tab using selector: .tab label:not(.selected_tab)","service":"quote-scraper","timestamp":"2025-06-09T18:33:43.163Z"}
{"level":"info","message":"Browser console: Did not get Basic plan for tata-aig!","service":"quote-scraper","timestamp":"2025-06-09T18:33:45.741Z"}
{"level":"info","message":"Browser console: Did not get Basic plan for liberty-videocon!","service":"quote-scraper","timestamp":"2025-06-09T18:33:45.742Z"}
{"level":"info","message":"Browser console: Did not get Basic plan for future-generali!","service":"quote-scraper","timestamp":"2025-06-09T18:33:45.743Z"}
{"level":"info","message":"Browser console: Did not get Basic plan for icici-lombard!","service":"quote-scraper","timestamp":"2025-06-09T18:33:45.745Z"}
{"level":"info","message":"Browser console: Insurer to PlanType to Plan Map :  JSHandle@object","service":"quote-scraper","timestamp":"2025-06-09T18:33:45.745Z"}
{"level":"info","message":"Browser console: Insurer to Packages Map :  JSHandle@map","service":"quote-scraper","timestamp":"2025-06-09T18:33:45.746Z"}
{"level":"info","message":"Details captured for quote 1: {\n  \"leftPanel\": {\n    \"idvValue\": \"1,44,760\",\n    \"ncbPercentage\": \"50%\",\n    \"planType\": \"Basic\",\n    \"finalPrice\": \"2,325\"\n  },\n  \"premiumBreakup\": {\n    \"sections\": [\n      {\n        \"name\": \"Basic Covers\",\n        \"items\": [\n          {\n            \"key\": \"Basic OD Premium\",\n            \"value\": \"461.92\"\n          },\n          {\n            \"key\": \"Basic TP Premium\",\n            \"value\": \"2,094\"\n          }\n        ]\n      },\n      {\n        \"name\": \"Addon Covers\",\n        \"items\": []\n      },\n      {\n        \"name\": \"Discounts\",\n        \"items\": [\n          {\n            \"key\": \"No Claim Bonus\",\n            \"value\": \"-  230.96\"\n          }\n        ]\n      }\n    ],\n    \"total\": \"2,324.96\",\n    \"gst\": \"418.49\",\n    \"finalAmount\": null\n  },\n  \"planDetails\": {\n    \"covered\": [\n      {\n        \"title\": \"Own Car Damage\",\n        \"description\": \"Covers your car in case of road accidents.\"\n      },\n      {\n        \"title\": \"Theft\",\n        \"description\": \"Covers your car against theft/burgalary/robbery\"\n      },\n      {\n        \"title\": \"Natural Calamities\",\n        \"description\": \"Covers damages done to your car due to natural clamaties like earthquake, floods, thunderstorms, etc\"\n      },\n      {\n        \"title\": \"Man made hazards\",\n        \"description\": \"Covers damages done to your car due to terrorism, riots, strike or malicious act.\"\n      }\n    ],\n    \"notCovered\": [\n      \"General aging, wear and tear\",\n      \"Damage by a person driving without a valid license\",\n      \"Mechanical or electrical breakdown, failure\",\n      \"Damage while driving under the influence of liquor or drugs\",\n      \"Damage to tyres and tubes, unless damaged during an accident\",\n      \"Consequential Damage\"\n    ]\n  }\n}","service":"quote-scraper","timestamp":"2025-06-09T18:33:48.326Z"}
{"level":"info","message":"Closed details popup using selector: div.cf-modal__close","service":"quote-scraper","timestamp":"2025-06-09T18:33:48.355Z"}
{"level":"info","message":"Processing details for quote 2 (Unknown)","service":"quote-scraper","timestamp":"2025-06-09T18:33:51.359Z"}
{"level":"info","message":"Clicked plan details using selector: .pcc__card:nth-child(2) .pcc__card__plancash .pcp__left","service":"quote-scraper","timestamp":"2025-06-09T18:33:51.438Z"}
{"level":"info","message":"Details popup opened for quote 2","service":"quote-scraper","timestamp":"2025-06-09T18:33:51.447Z"}
{"level":"info","message":"Switching to Plan Details tab for quote 2","service":"quote-scraper","timestamp":"2025-06-09T18:33:51.611Z"}
{"level":"info","message":"Switched to Plan Details tab using selector: .tab label:not(.selected_tab)","service":"quote-scraper","timestamp":"2025-06-09T18:33:51.632Z"}
{"level":"info","message":"Details captured for quote 2: {\n  \"leftPanel\": {\n    \"idvValue\": \"1,80,985\",\n    \"ncbPercentage\": \"50%\",\n    \"planType\": null,\n    \"finalPrice\": \"2,527\"\n  },\n  \"premiumBreakup\": {\n    \"sections\": [\n      {\n        \"name\": \"Basic Covers\",\n        \"items\": [\n          {\n            \"key\": \"Basic OD Premium\",\n            \"value\": \"866\"\n          },\n          {\n            \"key\": \"Basic TP Premium\",\n            \"value\": \"2,094\"\n          }\n        ]\n      },\n      {\n        \"name\": \"Addon Covers\",\n        \"items\": []\n      },\n      {\n        \"name\": \"Discounts\",\n        \"items\": [\n          {\n            \"key\": \"No Claim Bonus\",\n            \"value\": \"-  433\"\n          }\n        ]\n      }\n    ],\n    \"total\": \"2,527\",\n    \"gst\": \"454.86\",\n    \"finalAmount\": null\n  },\n  \"planDetails\": {\n    \"covered\": [\n      {\n        \"title\": \"Own Car Damage\",\n        \"description\": \"Covers your car in case of road accidents.\"\n      },\n      {\n        \"title\": \"Theft\",\n        \"description\": \"Covers your car against theft/burgalary/robbery\"\n      },\n      {\n        \"title\": \"Natural Calamities\",\n        \"description\": \"Covers damages done to your car due to natural clamaties like earthquake, floods, thunderstorms, etc\"\n      },\n      {\n        \"title\": \"Man made hazards\",\n        \"description\": \"Covers damages done to your car due to terrorism, riots, strike or malicious act.\"\n      }\n    ],\n    \"notCovered\": [\n      \"General aging, wear and tear\",\n      \"Damage by a person driving without a valid license\",\n      \"Mechanical or electrical breakdown, failure\",\n      \"Damage while driving under the influence of liquor or drugs\",\n      \"Damage to tyres and tubes, unless damaged during an accident\",\n      \"Consequential Damage\"\n    ]\n  }\n}","service":"quote-scraper","timestamp":"2025-06-09T18:33:56.761Z"}
{"level":"info","message":"Closed details popup using selector: div.cf-modal__close","service":"quote-scraper","timestamp":"2025-06-09T18:33:56.785Z"}
{"level":"info","message":"Processing details for quote 3 (Unknown)","service":"quote-scraper","timestamp":"2025-06-09T18:33:59.788Z"}
{"level":"info","message":"Clicked plan details using selector: .pcc__card:nth-child(3) .pcc__card__plancash .pcp__left","service":"quote-scraper","timestamp":"2025-06-09T18:33:59.847Z"}
{"level":"info","message":"Details popup opened for quote 3","service":"quote-scraper","timestamp":"2025-06-09T18:33:59.853Z"}
{"level":"info","message":"Switching to Plan Details tab for quote 3","service":"quote-scraper","timestamp":"2025-06-09T18:34:00.022Z"}
{"level":"info","message":"Switched to Plan Details tab using selector: .tab label:not(.selected_tab)","service":"quote-scraper","timestamp":"2025-06-09T18:34:00.127Z"}
{"level":"info","message":"Details captured for quote 3: {\n  \"leftPanel\": {\n    \"idvValue\": \"1,50,000\",\n    \"ncbPercentage\": \"50%\",\n    \"planType\": null,\n    \"finalPrice\": \"3,766\"\n  },\n  \"premiumBreakup\": {\n    \"sections\": [\n      {\n        \"name\": \"Basic Covers\",\n        \"items\": [\n          {\n            \"key\": \"Basic OD Premium\",\n            \"value\": \"1,672.2\"\n          },\n          {\n            \"key\": \"Basic TP Premium\",\n            \"value\": \"2,094\"\n          }\n        ]\n      },\n      {\n        \"name\": \"Addon Covers\",\n        \"items\": []\n      },\n      {\n        \"name\": \"Discounts\",\n        \"items\": []\n      }\n    ],\n    \"total\": \"3,766.2\",\n    \"gst\": \"677.92\",\n    \"finalAmount\": null\n  },\n  \"planDetails\": {\n    \"covered\": [\n      {\n        \"title\": \"Own Car Damage\",\n        \"description\": \"Covers your car in case of road accidents.\"\n      },\n      {\n        \"title\": \"Theft\",\n        \"description\": \"Covers your car against theft/burgalary/robbery\"\n      },\n      {\n        \"title\": \"Natural Calamities\",\n        \"description\": \"Covers damages done to your car due to natural clamaties like earthquake, floods, thunderstorms, etc\"\n      },\n      {\n        \"title\": \"Man made hazards\",\n        \"description\": \"Covers damages done to your car due to terrorism, riots, strike or malicious act.\"\n      }\n    ],\n    \"notCovered\": [\n      \"General aging, wear and tear\",\n      \"Damage by a person driving without a valid license\",\n      \"Mechanical or electrical breakdown, failure\",\n      \"Damage while driving under the influence of liquor or drugs\",\n      \"Damage to tyres and tubes, unless damaged during an accident\",\n      \"Consequential Damage\"\n    ]\n  }\n}","service":"quote-scraper","timestamp":"2025-06-09T18:34:05.261Z"}
{"level":"info","message":"Closed details popup using selector: div.cf-modal__close","service":"quote-scraper","timestamp":"2025-06-09T18:34:05.285Z"}
{"level":"info","message":"Enhanced data extraction complete for all quotes.","service":"quote-scraper","timestamp":"2025-06-09T18:34:08.288Z"}
